c:\d\ltmhc\170\x64\debug\vc143.pdb
c:\d\ltmhc\170\x64\debug\vc143.idb
c:\d\ltmhc\170\x64\debug\source.obj
c:\d\ltmhc\x64\debug\170.exe
c:\d\ltmhc\x64\debug\170.pdb
c:\d\ltmhc\170\x64\debug\170.ilk
c:\d\baitap\ltmhc\170\x64\debug\source.obj
c:\d\baitap\ltmhc\170\x64\debug\170.ilk
c:\d\baitap\ltmhc\170\x64\debug\vc143.idb
c:\d\baitap\ltmhc\170\x64\debug\vc143.pdb
c:\d\baitap\ltmhc\x64\debug\170.pdb
c:\d\baitap\ltmhc\x64\debug\170.exe
c:\d\baitap\ltmhc\170\x64\debug\170.tlog\cl.command.1.tlog
c:\d\baitap\ltmhc\170\x64\debug\170.tlog\cl.items.tlog
c:\d\baitap\ltmhc\170\x64\debug\170.tlog\cl.read.1.tlog
c:\d\baitap\ltmhc\170\x64\debug\170.tlog\cl.write.1.tlog
c:\d\baitap\ltmhc\170\x64\debug\170.tlog\link.command.1.tlog
c:\d\baitap\ltmhc\170\x64\debug\170.tlog\link.read.1.tlog
c:\d\baitap\ltmhc\170\x64\debug\170.tlog\link.secondary.1.tlog
c:\d\baitap\ltmhc\170\x64\debug\170.tlog\link.write.1.tlog
