c:\d\ltmhc\165\x64\debug\vc143.pdb
c:\d\ltmhc\165\x64\debug\vc143.idb
c:\d\ltmhc\165\x64\debug\source.obj
c:\d\ltmhc\x64\debug\165.exe
c:\d\ltmhc\x64\debug\165.pdb
c:\d\ltmhc\165\x64\debug\165.ilk
c:\d\baitap\ltmhc\165\x64\debug\source.obj
c:\d\baitap\ltmhc\165\x64\debug\165.ilk
c:\d\baitap\ltmhc\165\x64\debug\vc143.idb
c:\d\baitap\ltmhc\165\x64\debug\vc143.pdb
c:\d\baitap\ltmhc\x64\debug\165.pdb
c:\d\baitap\ltmhc\x64\debug\165.exe
c:\d\baitap\ltmhc\165\x64\debug\165.tlog\cl.command.1.tlog
c:\d\baitap\ltmhc\165\x64\debug\165.tlog\cl.items.tlog
c:\d\baitap\ltmhc\165\x64\debug\165.tlog\cl.read.1.tlog
c:\d\baitap\ltmhc\165\x64\debug\165.tlog\cl.write.1.tlog
c:\d\baitap\ltmhc\165\x64\debug\165.tlog\link.command.1.tlog
c:\d\baitap\ltmhc\165\x64\debug\165.tlog\link.read.1.tlog
c:\d\baitap\ltmhc\165\x64\debug\165.tlog\link.secondary.1.tlog
c:\d\baitap\ltmhc\165\x64\debug\165.tlog\link.write.1.tlog
